<?xml version="1.0" encoding="UTF-8" standalone="yes"?><!DOCTYPE report PUBLIC "-//JACOCO//DTD Report 1.0//EN" "report.dtd"><report name="spring-cloud-service-filter"><sessioninfo id="" start="1532152468525" dump="1532152470585"/><sessioninfo id="cn.home1.test.IsAliveTest testIsAlive" start="1532152470604" dump="1532152470656"/><sessioninfo id="" start="1532152470662" dump="1532152470677"/><sessioninfo id="cn.home1.test.CopyOutputStreamTest testNotFound" start="1532152470694" dump="1532152476838"/><sessioninfo id="" start="1532152476850" dump="1532152476851"/><sessioninfo id="cn.home1.test.CopyOutputStreamTest testFound" start="1532152476853" dump="1532152479864"/><sessioninfo id="cn.home1.test.CopyOutputStreamTest testFound" start="1532152479881" dump="1532152479917"/></report>