<?xml version="1.0" encoding="UTF-8" standalone="yes"?><!DOCTYPE report PUBLIC "-//JACOCO//DTD Report 1.0//EN" "report.dtd"><report name="spring-cloud-service-filter"><sessioninfo id="" start="1532114807805" dump="1532114809871"/><sessioninfo id="cn.home1.test.IsAliveTest testIsAlive" start="1532114809884" dump="1532114809934"/><sessioninfo id="" start="1532114809938" dump="1532114809942"/><sessioninfo id="cn.home1.test.CopyOutputStreamTest testNotFound" start="1532114809946" dump="1532114816171"/><sessioninfo id="" start="1532114816185" dump="1532114816186"/><sessioninfo id="cn.home1.test.CopyOutputStreamTest testFound" start="1532114816189" dump="1532114819195"/><sessioninfo id="cn.home1.test.CopyOutputStreamTest testFound" start="1532114819198" dump="1532114819219"/></report>