<?xml version="1.0" encoding="UTF-8" standalone="yes"?><!DOCTYPE report PUBLIC "-//JACOCO//DTD Report 1.0//EN" "report.dtd"><report name="Combined"><sessioninfo id="" start="1532162890334" dump="1532162892189"/><sessioninfo id="cn.home1.test.IsAliveTest testIsAlive" start="1532162892202" dump="1532162892254"/><sessioninfo id="" start="1532162892258" dump="1532162892289"/><sessioninfo id="cn.home1.test.CopyOutputStreamTest testNotFound" start="1532162892292" dump="1532162898426"/><sessioninfo id="" start="1532162898430" dump="1532162898430"/><sessioninfo id="cn.home1.test.CopyOutputStreamTest testFound" start="1532162898435" dump="1532162901446"/><sessioninfo id="cn.home1.test.CopyOutputStreamTest testFound" start="1532162901452" dump="1532162901471"/></report>