<?xml version="1.0" encoding="UTF-8" standalone="yes"?><!DOCTYPE report PUBLIC "-//JACOCO//DTD Report 1.0//EN" "report.dtd"><report name="Combined"><sessioninfo id="" start="1532161916664" dump="1532161918652"/><sessioninfo id="cn.home1.test.IsAliveTest testIsAlive" start="1532161918671" dump="1532161918714"/><sessioninfo id="" start="1532161918720" dump="1532161918724"/><sessioninfo id="cn.home1.test.CopyOutputStreamTest testNotFound" start="1532161918726" dump="1532161924874"/><sessioninfo id="" start="1532161924878" dump="1532161924879"/><sessioninfo id="cn.home1.test.CopyOutputStreamTest testFound" start="1532161924880" dump="1532161927886"/><sessioninfo id="cn.home1.test.CopyOutputStreamTest testFound" start="1532161927888" dump="1532161927916"/></report>